[0.007s] Invoking command in '/home/aerobase/drone_model/src/build/drone_description': DEBUGINFOD_URLS=https://debuginfod.ubuntu.com /usr/bin/cmake /home/aerobase/drone_model/src/drone_description -DCMAKE_BUILD_TYPE=Debug -DCMAKE_INSTALL_PREFIX=/home/aerobase/drone_model/src/install/drone_description
[0.014s] [33mCMake Warning (dev) in CMakeLists.txt:
[0.014s]   No project() command is present.  The top-level CMakeLists.txt file must
[0.014s]   contain a literal, direct call to the project() command.  Add a line of
[0.014s]   code such as
[0.014s] 
[0.014s]     project(ProjectName)
[0.014s] 
[0.014s]   near the top of the file, but after cmake_minimum_required().
[0.015s] 
[0.015s]   CMake is pretending there is a "project(Project)" command on the first
[0.015s]   line.
[0.015s] This warning is for project developers.  Use -Wno-dev to suppress it.
[0.015s] [0m
[0.015s] [33mCMake Warning (dev) in CMakeLists.txt:
[0.015s]   cmake_minimum_required() should be called prior to this top-level project()
[0.015s]   call.  Please see the cmake-commands(7) manual for usage documentation of
[0.015s]   both commands.
[0.015s] This warning is for project developers.  Use -Wno-dev to suppress it.
[0.015s] [0m
[0.018s] -- Found ament_cmake: 2.5.2 (/opt/ros/jazzy/share/ament_cmake/cmake)
[0.200s] -- Found xacro: 2.0.11 (/opt/ros/jazzy/share/xacro/cmake)
[0.200s] [31mCMake Error at /opt/ros/jazzy/share/ament_cmake_core/cmake/core/ament_package.cmake:52 (message):
[0.200s]   ament_package() PROJECT_NAME is set to 'Project', which is not a valid
[0.200s]   project name.  You must call project() before calling ament_package().
[0.200s] Call Stack (most recent call first):
[0.201s]   CMakeLists.txt:8 (ament_package)
[0.201s] 
[0.201s] [0m
[0.201s] [31mCMake Error in CMakeLists.txt:
[0.201s]   No cmake_minimum_required command is present.  A line of code such as
[0.201s] 
[0.201s]     cmake_minimum_required(VERSION 3.28)
[0.201s] 
[0.201s]   should be added at the top of the file.  The version specified may be lower
[0.201s]   if you wish to support older CMake versions for this project.  For more
[0.201s]   information run "cmake --help-policy CMP0000".
[0.201s] 
[0.201s] [0m
[0.201s] -- Configuring incomplete, errors occurred!
[0.203s] Invoked command in '/home/aerobase/drone_model/src/build/drone_description' returned '1': DEBUGINFOD_URLS=https://debuginfod.ubuntu.com /usr/bin/cmake /home/aerobase/drone_model/src/drone_description -DCMAKE_BUILD_TYPE=Debug -DCMAKE_INSTALL_PREFIX=/home/aerobase/drone_model/src/install/drone_description
