-- Install configuration: ""
-- Up-to-date: /home/aerobase/drone_model/install/drone_description/share/drone_description//urdf
-- Up-to-date: /home/aerobase/drone_model/install/drone_description/share/drone_description//urdf/drone.world
-- Up-to-date: /home/aerobase/drone_model/install/drone_description/share/drone_description//urdf/drone.urdf
-- Up-to-date: /home/aerobase/drone_model/install/drone_description/share/drone_description//urdf/rotor.xacro
-- Up-to-date: /home/aerobase/drone_model/install/drone_description/share/drone_description//urdf/drone.urdf.xacro
-- Up-to-date: /home/aerobase/drone_model/install/drone_description/share/drone_description//urdf/drone.sdf
-- Up-to-date: /home/aerobase/drone_model/install/drone_description/share/drone_description//meshes
-- Up-to-date: /home/aerobase/drone_model/install/drone_description/share/drone_description//meshes/link5.STL
-- Up-to-date: /home/aerobase/drone_model/install/drone_description/share/drone_description//meshes/rotor3.STL
-- Up-to-date: /home/aerobase/drone_model/install/drone_description/share/drone_description//meshes/link6.STL
-- Up-to-date: /home/aerobase/drone_model/install/drone_description/share/drone_description//meshes/base_link.STL
-- Up-to-date: /home/aerobase/drone_model/install/drone_description/share/drone_description//meshes/rotor1.STL
-- Up-to-date: /home/aerobase/drone_model/install/drone_description/share/drone_description//meshes/rotor.STL
-- Up-to-date: /home/aerobase/drone_model/install/drone_description/share/drone_description//meshes/rotor2.STL
-- Up-to-date: /home/aerobase/drone_model/install/drone_description/share/ament_index/resource_index/package_run_dependencies/drone_description
-- Up-to-date: /home/aerobase/drone_model/install/drone_description/share/ament_index/resource_index/parent_prefix_path/drone_description
-- Up-to-date: /home/aerobase/drone_model/install/drone_description/share/drone_description/environment/ament_prefix_path.sh
-- Up-to-date: /home/aerobase/drone_model/install/drone_description/share/drone_description/environment/ament_prefix_path.dsv
-- Up-to-date: /home/aerobase/drone_model/install/drone_description/share/drone_description/environment/path.sh
-- Up-to-date: /home/aerobase/drone_model/install/drone_description/share/drone_description/environment/path.dsv
-- Up-to-date: /home/aerobase/drone_model/install/drone_description/share/drone_description/local_setup.bash
-- Up-to-date: /home/aerobase/drone_model/install/drone_description/share/drone_description/local_setup.sh
-- Up-to-date: /home/aerobase/drone_model/install/drone_description/share/drone_description/local_setup.zsh
-- Up-to-date: /home/aerobase/drone_model/install/drone_description/share/drone_description/local_setup.dsv
-- Installing: /home/aerobase/drone_model/install/drone_description/share/drone_description/package.dsv
-- Up-to-date: /home/aerobase/drone_model/install/drone_description/share/ament_index/resource_index/packages/drone_description
-- Up-to-date: /home/aerobase/drone_model/install/drone_description/share/drone_description/cmake/drone_descriptionConfig.cmake
-- Up-to-date: /home/aerobase/drone_model/install/drone_description/share/drone_description/cmake/drone_descriptionConfig-version.cmake
-- Up-to-date: /home/aerobase/drone_model/install/drone_description/share/drone_description/package.xml
