[0.007s] Invoking command in '/home/aerobase/drone_model/build/drone_description': CMAKE_PREFIX_PATH=${CMAKE_PREFIX_PATH}:/opt/ros/jazzy DEBUGINFOD_URLS=https://debuginfod.ubuntu.com /usr/bin/cmake /home/aerobase/drone_model/src/drone_description -DCMAKE_INSTALL_PREFIX=/home/aerobase/drone_model/install/drone_description
[0.050s] -- The C compiler identification is GNU 13.2.0
[0.092s] -- The CXX compiler identification is GNU 13.2.0
[0.103s] -- Detecting C compiler ABI info
[0.175s] -- Detecting C compiler ABI info - done
[0.182s] -- Check for working C compiler: /usr/bin/cc - skipped
[0.182s] -- Detecting C compile features
[0.182s] -- Detecting C compile features - done
[0.190s] -- Detecting CXX compiler ABI info
[0.322s] -- Detecting CXX compiler ABI info - done
[0.331s] -- Check for working CXX compiler: /usr/bin/c++ - skipped
[0.331s] -- Detecting CXX compile features
[0.331s] -- Detecting CXX compile features - done
[0.336s] -- Found ament_cmake: 2.5.2 (/opt/ros/jazzy/share/ament_cmake/cmake)
[0.461s] -- Found Python3: /usr/local/bin/python3.10 (found version "3.10.12") found components: Interpreter 
[0.534s] -- Found xacro: 2.0.11 (/opt/ros/jazzy/share/xacro/cmake)
[0.547s] Traceback (most recent call last):
[0.547s]   File "/opt/ros/jazzy/share/ament_cmake_core/cmake/core/package_xml_2_cmake.py", line 22, in <module>
[0.547s]     from catkin_pkg.package import parse_package_string
[0.547s] ModuleNotFoundError: No module named 'catkin_pkg'
[0.549s] [31mCMake Error at /opt/ros/jazzy/share/ament_cmake_core/cmake/core/ament_package_xml.cmake:95 (message):
[0.549s]   execute_process(/usr/local/bin/python3.10
[0.549s]   /opt/ros/jazzy/share/ament_cmake_core/cmake/core/package_xml_2_cmake.py
[0.549s]   /home/aerobase/drone_model/src/drone_description/package.xml
[0.549s]   /home/aerobase/drone_model/build/drone_description/ament_cmake_core/package.cmake)
[0.549s]   returned error code 1
[0.549s] Call Stack (most recent call first):
[0.549s]   /opt/ros/jazzy/share/ament_cmake_core/cmake/core/ament_package_xml.cmake:49 (_ament_package_xml)
[0.549s]   /opt/ros/jazzy/share/ament_cmake_core/cmake/core/ament_package.cmake:63 (ament_package_xml)
[0.549s]   CMakeLists.txt:12 (ament_package)
[0.550s] 
[0.550s] [0m
[0.550s] -- Configuring incomplete, errors occurred!
[0.553s] Invoked command in '/home/aerobase/drone_model/build/drone_description' returned '1': CMAKE_PREFIX_PATH=${CMAKE_PREFIX_PATH}:/opt/ros/jazzy DEBUGINFOD_URLS=https://debuginfod.ubuntu.com /usr/bin/cmake /home/aerobase/drone_model/src/drone_description -DCMAKE_INSTALL_PREFIX=/home/aerobase/drone_model/install/drone_description
