[0.007s] Invoking command in '/home/aerobase/drone_model/build/drone_description': CMAKE_PREFIX_PATH=${CMAKE_PREFIX_PATH}:/opt/ros/jazzy DEBUGINFOD_URLS=https://debuginfod.ubuntu.com /usr/bin/cmake --build /home/aerobase/drone_model/build/drone_description -- -j24 -l24
[0.026s] -- Found ament_cmake: 2.5.2 (/opt/ros/jazzy/share/ament_cmake/cmake)
[0.171s] -- Found xacro: 2.0.11 (/opt/ros/jazzy/share/xacro/cmake)
[0.226s] -- Configuring done (0.2s)
[0.227s] -- Generating done (0.0s)
[0.228s] -- Build files have been written to: /home/aerobase/drone_model/build/drone_description
[0.245s] Invoked command in '/home/aerobase/drone_model/build/drone_description' returned '0': CMAKE_PREFIX_PATH=${CMAKE_PREFIX_PATH}:/opt/ros/jazzy DEBUGINFOD_URLS=https://debuginfod.ubuntu.com /usr/bin/cmake --build /home/aerobase/drone_model/build/drone_description -- -j24 -l24
[0.252s] Invoking command in '/home/aerobase/drone_model/build/drone_description': CMAKE_PREFIX_PATH=${CMAKE_PREFIX_PATH}:/opt/ros/jazzy DEBUGINFOD_URLS=https://debuginfod.ubuntu.com /usr/bin/cmake --install /home/aerobase/drone_model/build/drone_description
[0.258s] -- Install configuration: ""
[0.258s] -- Installing: /home/aerobase/drone_model/install/drone_description/share/drone_description//urdf
[0.258s] -- Installing: /home/aerobase/drone_model/install/drone_description/share/drone_description//urdf/drone.urdf
[0.258s] -- Installing: /home/aerobase/drone_model/install/drone_description/share/drone_description//urdf/rotor.xacro
[0.259s] -- Installing: /home/aerobase/drone_model/install/drone_description/share/drone_description//urdf/drone.urdf.xacro
[0.259s] -- Installing: /home/aerobase/drone_model/install/drone_description/share/drone_description//meshes
[0.259s] -- Up-to-date: /home/aerobase/drone_model/install/drone_description/share/ament_index/resource_index/package_run_dependencies/drone_description
[0.259s] -- Installing: /home/aerobase/drone_model/install/drone_description/share/ament_index/resource_index/parent_prefix_path/drone_description
[0.259s] -- Up-to-date: /home/aerobase/drone_model/install/drone_description/share/drone_description/environment/ament_prefix_path.sh
[0.259s] -- Up-to-date: /home/aerobase/drone_model/install/drone_description/share/drone_description/environment/ament_prefix_path.dsv
[0.259s] -- Up-to-date: /home/aerobase/drone_model/install/drone_description/share/drone_description/environment/path.sh
[0.259s] -- Up-to-date: /home/aerobase/drone_model/install/drone_description/share/drone_description/environment/path.dsv
[0.259s] -- Up-to-date: /home/aerobase/drone_model/install/drone_description/share/drone_description/local_setup.bash
[0.259s] -- Up-to-date: /home/aerobase/drone_model/install/drone_description/share/drone_description/local_setup.sh
[0.259s] -- Up-to-date: /home/aerobase/drone_model/install/drone_description/share/drone_description/local_setup.zsh
[0.259s] -- Up-to-date: /home/aerobase/drone_model/install/drone_description/share/drone_description/local_setup.dsv
[0.259s] -- Up-to-date: /home/aerobase/drone_model/install/drone_description/share/drone_description/package.dsv
[0.259s] -- Up-to-date: /home/aerobase/drone_model/install/drone_description/share/ament_index/resource_index/packages/drone_description
[0.259s] -- Up-to-date: /home/aerobase/drone_model/install/drone_description/share/drone_description/cmake/drone_descriptionConfig.cmake
[0.259s] -- Up-to-date: /home/aerobase/drone_model/install/drone_description/share/drone_description/cmake/drone_descriptionConfig-version.cmake
[0.260s] -- Up-to-date: /home/aerobase/drone_model/install/drone_description/share/drone_description/package.xml
[0.260s] Invoked command in '/home/aerobase/drone_model/build/drone_description' returned '0': CMAKE_PREFIX_PATH=${CMAKE_PREFIX_PATH}:/opt/ros/jazzy DEBUGINFOD_URLS=https://debuginfod.ubuntu.com /usr/bin/cmake --install /home/aerobase/drone_model/build/drone_description
