[0.009s] Invoking command in '/home/aerobase/drone_model/build/drone_description': CMAKE_PREFIX_PATH=${CMAKE_PREFIX_PATH}:/opt/ros/jazzy DEBUGINFOD_URLS=https://debuginfod.ubuntu.com /usr/bin/cmake /home/aerobase/drone_model/src/drone_description -DCMAKE_INSTALL_PREFIX=/home/aerobase/drone_model/install/drone_description
[0.040s] -- Found ament_cmake: 2.5.2 (/opt/ros/jazzy/share/ament_cmake/cmake)
[0.267s] -- Found xacro: 2.0.11 (/opt/ros/jazzy/share/xacro/cmake)
[0.281s] Traceback (most recent call last):
[0.281s]   File "/opt/ros/jazzy/share/ament_cmake_core/cmake/core/package_xml_2_cmake.py", line 22, in <module>
[0.281s]     from catkin_pkg.package import parse_package_string
[0.281s] ModuleNotFoundError: No module named 'catkin_pkg'
[0.283s] [31mCMake Error at /opt/ros/jazzy/share/ament_cmake_core/cmake/core/ament_package_xml.cmake:95 (message):
[0.283s]   execute_process(/usr/local/bin/python3.10
[0.283s]   /opt/ros/jazzy/share/ament_cmake_core/cmake/core/package_xml_2_cmake.py
[0.283s]   /home/aerobase/drone_model/src/drone_description/package.xml
[0.283s]   /home/aerobase/drone_model/build/drone_description/ament_cmake_core/package.cmake)
[0.283s]   returned error code 1
[0.283s] Call Stack (most recent call first):
[0.283s]   /opt/ros/jazzy/share/ament_cmake_core/cmake/core/ament_package_xml.cmake:49 (_ament_package_xml)
[0.283s]   /opt/ros/jazzy/share/ament_cmake_core/cmake/core/ament_package.cmake:63 (ament_package_xml)
[0.283s]   CMakeLists.txt:12 (ament_package)
[0.284s] 
[0.284s] [0m
[0.284s] -- Configuring incomplete, errors occurred!
[0.287s] Invoked command in '/home/aerobase/drone_model/build/drone_description' returned '1': CMAKE_PREFIX_PATH=${CMAKE_PREFIX_PATH}:/opt/ros/jazzy DEBUGINFOD_URLS=https://debuginfod.ubuntu.com /usr/bin/cmake /home/aerobase/drone_model/src/drone_description -DCMAKE_INSTALL_PREFIX=/home/aerobase/drone_model/install/drone_description
