[0.007s] Invoking command in '/home/aerobase/drone_model/build/drone_description': CMAKE_PREFIX_PATH=${CMAKE_PREFIX_PATH}:/opt/ros/jazzy DEBUGINFOD_URLS=https://debuginfod.ubuntu.com /usr/bin/cmake --build /home/aerobase/drone_model/build/drone_description -- -j24 -l24
[0.052s] Invoked command in '/home/aerobase/drone_model/build/drone_description' returned '0': CMAKE_PREFIX_PATH=${CMAKE_PREFIX_PATH}:/opt/ros/jazzy DEBUGINFOD_URLS=https://debuginfod.ubuntu.com /usr/bin/cmake --build /home/aerobase/drone_model/build/drone_description -- -j24 -l24
[0.064s] Invoking command in '/home/aerobase/drone_model/build/drone_description': CMAKE_PREFIX_PATH=${CMAKE_PREFIX_PATH}:/opt/ros/jazzy DEBUGINFOD_URLS=https://debuginfod.ubuntu.com /usr/bin/cmake --install /home/aerobase/drone_model/build/drone_description
[0.077s] -- Install configuration: ""
[0.077s] -- Up-to-date: /home/aerobase/drone_model/install/drone_description/share/drone_description//urdf
[0.078s] -- Up-to-date: /home/aerobase/drone_model/install/drone_description/share/drone_description//urdf/drone.world
[0.078s] -- Up-to-date: /home/aerobase/drone_model/install/drone_description/share/drone_description//urdf/drone.urdf
[0.078s] -- Up-to-date: /home/aerobase/drone_model/install/drone_description/share/drone_description//urdf/rotor.xacro
[0.078s] -- Up-to-date: /home/aerobase/drone_model/install/drone_description/share/drone_description//urdf/drone.urdf.xacro
[0.078s] -- Installing: /home/aerobase/drone_model/install/drone_description/share/drone_description//urdf/drone.sdf
[0.078s] -- Up-to-date: /home/aerobase/drone_model/install/drone_description/share/drone_description//meshes
[0.078s] -- Up-to-date: /home/aerobase/drone_model/install/drone_description/share/drone_description//meshes/link5.STL
[0.078s] -- Up-to-date: /home/aerobase/drone_model/install/drone_description/share/drone_description//meshes/rotor3.STL
[0.078s] -- Up-to-date: /home/aerobase/drone_model/install/drone_description/share/drone_description//meshes/link6.STL
[0.078s] -- Up-to-date: /home/aerobase/drone_model/install/drone_description/share/drone_description//meshes/base_link.STL
[0.078s] -- Up-to-date: /home/aerobase/drone_model/install/drone_description/share/drone_description//meshes/rotor1.STL
[0.078s] -- Up-to-date: /home/aerobase/drone_model/install/drone_description/share/drone_description//meshes/rotor.STL
[0.078s] -- Up-to-date: /home/aerobase/drone_model/install/drone_description/share/drone_description//meshes/rotor2.STL
[0.078s] -- Up-to-date: /home/aerobase/drone_model/install/drone_description/share/ament_index/resource_index/package_run_dependencies/drone_description
[0.078s] -- Up-to-date: /home/aerobase/drone_model/install/drone_description/share/ament_index/resource_index/parent_prefix_path/drone_description
[0.079s] -- Up-to-date: /home/aerobase/drone_model/install/drone_description/share/drone_description/environment/ament_prefix_path.sh
[0.079s] -- Up-to-date: /home/aerobase/drone_model/install/drone_description/share/drone_description/environment/ament_prefix_path.dsv
[0.079s] -- Up-to-date: /home/aerobase/drone_model/install/drone_description/share/drone_description/environment/path.sh
[0.079s] -- Up-to-date: /home/aerobase/drone_model/install/drone_description/share/drone_description/environment/path.dsv
[0.079s] -- Up-to-date: /home/aerobase/drone_model/install/drone_description/share/drone_description/local_setup.bash
[0.079s] -- Up-to-date: /home/aerobase/drone_model/install/drone_description/share/drone_description/local_setup.sh
[0.079s] -- Up-to-date: /home/aerobase/drone_model/install/drone_description/share/drone_description/local_setup.zsh
[0.079s] -- Up-to-date: /home/aerobase/drone_model/install/drone_description/share/drone_description/local_setup.dsv
[0.079s] -- Installing: /home/aerobase/drone_model/install/drone_description/share/drone_description/package.dsv
[0.079s] -- Up-to-date: /home/aerobase/drone_model/install/drone_description/share/ament_index/resource_index/packages/drone_description
[0.079s] -- Up-to-date: /home/aerobase/drone_model/install/drone_description/share/drone_description/cmake/drone_descriptionConfig.cmake
[0.079s] -- Up-to-date: /home/aerobase/drone_model/install/drone_description/share/drone_description/cmake/drone_descriptionConfig-version.cmake
[0.079s] -- Up-to-date: /home/aerobase/drone_model/install/drone_description/share/drone_description/package.xml
[0.080s] Invoked command in '/home/aerobase/drone_model/build/drone_description' returned '0': CMAKE_PREFIX_PATH=${CMAKE_PREFIX_PATH}:/opt/ros/jazzy DEBUGINFOD_URLS=https://debuginfod.ubuntu.com /usr/bin/cmake --install /home/aerobase/drone_model/build/drone_description
