[0.007s] Invoking command in '/home/aerobase/drone_model/src/build/drone_description': DEBUGINFOD_URLS=https://debuginfod.ubuntu.com /usr/bin/cmake /home/aerobase/drone_model/src/drone_description -DCMAKE_BUILD_TYPE=Debug -DCMAKE_INSTALL_PREFIX=/home/aerobase/drone_model/src/install/drone_description
[0.015s] [33mCMake Warning (dev) in CMakeLists.txt:
[0.015s]   No project() command is present.  The top-level CMakeLists.txt file must
[0.015s]   contain a literal, direct call to the project() command.  Add a line of
[0.015s]   code such as
[0.015s] 
[0.015s]     project(ProjectName)
[0.015s] 
[0.015s]   near the top of the file, but after cmake_minimum_required().
[0.016s] 
[0.016s]   CMake is pretending there is a "project(Project)" command on the first
[0.016s]   line.
[0.016s] This warning is for project developers.  Use -Wno-dev to suppress it.
[0.016s] [0m
[0.016s] [33mCMake Warning (dev) in CMakeLists.txt:
[0.016s]   cmake_minimum_required() should be called prior to this top-level project()
[0.016s]   call.  Please see the cmake-commands(7) manual for usage documentation of
[0.016s]   both commands.
[0.016s] This warning is for project developers.  Use -Wno-dev to suppress it.
[0.016s] [0m
[0.020s] -- Configuring done (0.0s)
[0.021s] -- Generating done (0.0s)
[0.021s] -- Build files have been written to: /home/aerobase/drone_model/src/build/drone_description
[0.022s] Invoked command in '/home/aerobase/drone_model/src/build/drone_description' returned '0': DEBUGINFOD_URLS=https://debuginfod.ubuntu.com /usr/bin/cmake /home/aerobase/drone_model/src/drone_description -DCMAKE_BUILD_TYPE=Debug -DCMAKE_INSTALL_PREFIX=/home/aerobase/drone_model/src/install/drone_description
[0.023s] Invoking command in '/home/aerobase/drone_model/src/build/drone_description': DEBUGINFOD_URLS=https://debuginfod.ubuntu.com /usr/bin/cmake --build /home/aerobase/drone_model/src/build/drone_description -- -j24 -l24
[0.073s] Invoked command in '/home/aerobase/drone_model/src/build/drone_description' returned '0': DEBUGINFOD_URLS=https://debuginfod.ubuntu.com /usr/bin/cmake --build /home/aerobase/drone_model/src/build/drone_description -- -j24 -l24
