[0.007s] Invoking command in '/home/aerobase/drone_model/build/drone_description': CMAKE_PREFIX_PATH=${CMAKE_PREFIX_PATH}:/opt/ros/jazzy DEBUGINFOD_URLS=https://debuginfod.ubuntu.com /usr/bin/cmake /home/aerobase/drone_model/src/drone_description -DCMAKE_INSTALL_PREFIX=/home/aerobase/drone_model/install/drone_description
[0.018s] -- Found ament_cmake: 2.5.2 (/opt/ros/jazzy/share/ament_cmake/cmake)
[0.180s] -- Found xacro: 2.0.11 (/opt/ros/jazzy/share/xacro/cmake)
[0.234s] -- Configuring done (0.2s)
[0.236s] -- Generating done (0.0s)
[0.237s] -- Build files have been written to: /home/aerobase/drone_model/build/drone_description
[0.239s] Invoked command in '/home/aerobase/drone_model/build/drone_description' returned '0': CMAKE_PREFIX_PATH=${CMAKE_PREFIX_PATH}:/opt/ros/jazzy DEBUGINFOD_URLS=https://debuginfod.ubuntu.com /usr/bin/cmake /home/aerobase/drone_model/src/drone_description -DCMAKE_INSTALL_PREFIX=/home/aerobase/drone_model/install/drone_description
[0.240s] Invoking command in '/home/aerobase/drone_model/build/drone_description': CMAKE_PREFIX_PATH=${CMAKE_PREFIX_PATH}:/opt/ros/jazzy DEBUGINFOD_URLS=https://debuginfod.ubuntu.com /usr/bin/cmake --build /home/aerobase/drone_model/build/drone_description -- -j24 -l24
[0.286s] Invoked command in '/home/aerobase/drone_model/build/drone_description' returned '0': CMAKE_PREFIX_PATH=${CMAKE_PREFIX_PATH}:/opt/ros/jazzy DEBUGINFOD_URLS=https://debuginfod.ubuntu.com /usr/bin/cmake --build /home/aerobase/drone_model/build/drone_description -- -j24 -l24
[0.298s] Invoking command in '/home/aerobase/drone_model/build/drone_description': CMAKE_PREFIX_PATH=${CMAKE_PREFIX_PATH}:/opt/ros/jazzy DEBUGINFOD_URLS=https://debuginfod.ubuntu.com /usr/bin/cmake --install /home/aerobase/drone_model/build/drone_description
[0.309s] -- Install configuration: ""
[0.310s] -- Installing: /home/aerobase/drone_model/install/drone_description/./home/aerobase/drone_model/meshes/base_link.STL/urdf
[0.310s] -- Installing: /home/aerobase/drone_model/install/drone_description/./home/aerobase/drone_model/meshes/base_link.STL/urdf/drone.urdf
[0.310s] -- Installing: /home/aerobase/drone_model/install/drone_description/./home/aerobase/drone_model/meshes/base_link.STL/urdf/rotor.xacro
[0.311s] -- Installing: /home/aerobase/drone_model/install/drone_description/./home/aerobase/drone_model/meshes/base_link.STL/urdf/drone.urdf.xacro
[0.311s] -- Installing: /home/aerobase/drone_model/install/drone_description/./home/aerobase/drone_model/meshes/base_link.STL/meshes
[0.311s] -- Installing: /home/aerobase/drone_model/install/drone_description/share/ament_index/resource_index/package_run_dependencies/drone_description
[0.312s] -- Installing: /home/aerobase/drone_model/install/drone_description/share/ament_index/resource_index/parent_prefix_path/drone_description
[0.312s] -- Installing: /home/aerobase/drone_model/install/drone_description/share/drone_description/environment/ament_prefix_path.sh
[0.312s] -- Installing: /home/aerobase/drone_model/install/drone_description/share/drone_description/environment/ament_prefix_path.dsv
[0.312s] -- Installing: /home/aerobase/drone_model/install/drone_description/share/drone_description/environment/path.sh
[0.312s] -- Installing: /home/aerobase/drone_model/install/drone_description/share/drone_description/environment/path.dsv
[0.312s] -- Installing: /home/aerobase/drone_model/install/drone_description/share/drone_description/local_setup.bash
[0.313s] -- Installing: /home/aerobase/drone_model/install/drone_description/share/drone_description/local_setup.sh
[0.313s] -- Installing: /home/aerobase/drone_model/install/drone_description/share/drone_description/local_setup.zsh
[0.313s] -- Installing: /home/aerobase/drone_model/install/drone_description/share/drone_description/local_setup.dsv
[0.313s] -- Installing: /home/aerobase/drone_model/install/drone_description/share/drone_description/package.dsv
[0.313s] -- Installing: /home/aerobase/drone_model/install/drone_description/share/ament_index/resource_index/packages/drone_description
[0.313s] -- Installing: /home/aerobase/drone_model/install/drone_description/share/drone_description/cmake/drone_descriptionConfig.cmake
[0.313s] -- Installing: /home/aerobase/drone_model/install/drone_description/share/drone_description/cmake/drone_descriptionConfig-version.cmake
[0.313s] -- Installing: /home/aerobase/drone_model/install/drone_description/share/drone_description/package.xml
[0.316s] Invoked command in '/home/aerobase/drone_model/build/drone_description' returned '0': CMAKE_PREFIX_PATH=${CMAKE_PREFIX_PATH}:/opt/ros/jazzy DEBUGINFOD_URLS=https://debuginfod.ubuntu.com /usr/bin/cmake --install /home/aerobase/drone_model/build/drone_description
