[0.007s] Invoking command in '/home/aerobase/drone_model/src/build/drone_description': DEBUGINFOD_URLS=https://debuginfod.ubuntu.com /usr/bin/cmake /home/aerobase/drone_model/src/drone_description -DCMAKE_INSTALL_PREFIX=/home/aerobase/drone_model/src/install/drone_description
[0.017s] -- Found ament_cmake: 2.5.2 (/opt/ros/jazzy/share/ament_cmake/cmake)
[0.169s] -- Found xacro: 2.0.11 (/opt/ros/jazzy/share/xacro/cmake)
[0.181s] Traceback (most recent call last):
[0.181s]   File "/opt/ros/jazzy/share/ament_cmake_core/cmake/core/package_xml_2_cmake.py", line 22, in <module>
[0.181s]     from catkin_pkg.package import parse_package_string
[0.181s] ModuleNotFoundError: No module named 'catkin_pkg'
[0.183s] [31mCMake Error at /opt/ros/jazzy/share/ament_cmake_core/cmake/core/ament_package_xml.cmake:95 (message):
[0.183s]   execute_process(/usr/local/bin/python3.10
[0.183s]   /opt/ros/jazzy/share/ament_cmake_core/cmake/core/package_xml_2_cmake.py
[0.183s]   /home/aerobase/drone_model/src/drone_description/package.xml
[0.183s]   /home/aerobase/drone_model/src/build/drone_description/ament_cmake_core/package.cmake)
[0.183s]   returned error code 1
[0.183s] Call Stack (most recent call first):
[0.183s]   /opt/ros/jazzy/share/ament_cmake_core/cmake/core/ament_package_xml.cmake:49 (_ament_package_xml)
[0.183s]   /opt/ros/jazzy/share/ament_cmake_core/cmake/core/ament_package.cmake:63 (ament_package_xml)
[0.184s]   CMakeLists.txt:12 (ament_package)
[0.184s] 
[0.184s] [0m
[0.184s] -- Configuring incomplete, errors occurred!
[0.185s] Invoked command in '/home/aerobase/drone_model/src/build/drone_description' returned '1': DEBUGINFOD_URLS=https://debuginfod.ubuntu.com /usr/bin/cmake /home/aerobase/drone_model/src/drone_description -DCMAKE_INSTALL_PREFIX=/home/aerobase/drone_model/src/install/drone_description
